/*C2*/SET SCHEMA PUBLIC
INSERT INTO "COCHES" VALUES('69','205','mito')
COMMIT
INSERT INTO "COCHES" VALUES('69','205','mito')
COMMIT
DELETE FROM "COCHES" WHERE CODCOCHE='69' AND NOMBRECH='205' AND MODELO='mito'
DELETE FROM "COCHES" WHERE CODCOCHE='69' AND NOMBRECH='205' AND MODELO='mito'
COMMIT
DISCONNECT
/*C3*/SET SCHEMA PUBLIC
INSERT INTO "COCHES" VALUES('69','205','mito')
COMMIT
INSERT INTO "COCHES" VALUES('69','205','mito')
COMMIT
INSERT INTO "COCHES" VALUES('69','205','mito')
COMMIT
INSERT INTO "COCHES" VALUES('69','205','mito')
COMMIT
INSERT INTO "COCHES" VALUES('69','205','mito')
COMMIT
DELETE FROM "COCHES" WHERE CODCOCHE='69' AND NOMBRECH='205' AND MODELO='mito'
DELETE FROM "COCHES" WHERE CODCOCHE='69' AND NOMBRECH='205' AND MODELO='mito'
DELETE FROM "COCHES" WHERE CODCOCHE='69' AND NOMBRECH='205' AND MODELO='mito'
DELETE FROM "COCHES" WHERE CODCOCHE='69' AND NOMBRECH='205' AND MODELO='mito'
DELETE FROM "COCHES" WHERE CODCOCHE='69' AND NOMBRECH='205' AND MODELO='mito'
COMMIT
DELETE FROM "COCHES" WHERE CODCOCHE='6' AND NOMBRECH='megane' AND MODELO='1.6'
INSERT INTO "COCHES" VALUES('6','megane','1.5')
COMMIT
DISCONNECT
