/*C4*/SET SCHEMA PUBLIC
DELETE FROM "ESTACION" WHERE ENOMBRE='ABB-089'
DELETE FROM "ESTACION" WHERE ENOMBRE='CMI-081'
DELETE FROM "ESTACION" WHERE ENOMBRE='CMI-114'
DELETE FROM "ESTACION" WHERE ENOMBRE='IBB-112'
DELETE FROM "ESTACION" WHERE ENOMBRE='NC-021'
DELETE FROM "ESTACION" WHERE ENOMBRE='UP-001'
DELETE FROM "ESTACION" WHERE ENOMBRE='UP-019'
DELETE FROM "ESTACION" WHERE ENOMBRE='YS-021'
DELETE FROM "ESTACION" WHERE ENOMBRE='YS-029'
INSERT INTO "ESTACION" VALUES('ABB-089',10)
INSERT INTO "ESTACION" VALUES('CMI-081',10)
INSERT INTO "ESTACION" VALUES('CMI-114',10)
INSERT INTO "ESTACION" VALUES('IBB-112',10)
INSERT INTO "ESTACION" VALUES('NC-021',10)
INSERT INTO "ESTACION" VALUES('UP-001',10)
INSERT INTO "ESTACION" VALUES('UP-019',10)
INSERT INTO "ESTACION" VALUES('YS-021',10)
INSERT INTO "ESTACION" VALUES('YS-029',10)
COMMIT
/*C5*/SET SCHEMA PUBLIC
DISCONNECT
/*C4*/DELETE FROM "ESTACION" WHERE ENOMBRE='ABB-089'
DELETE FROM "ESTACION" WHERE ENOMBRE='CMI-081'
DELETE FROM "ESTACION" WHERE ENOMBRE='CMI-114'
DELETE FROM "ESTACION" WHERE ENOMBRE='IBB-112'
DELETE FROM "ESTACION" WHERE ENOMBRE='NC-021'
DELETE FROM "ESTACION" WHERE ENOMBRE='UP-001'
DELETE FROM "ESTACION" WHERE ENOMBRE='UP-019'
DELETE FROM "ESTACION" WHERE ENOMBRE='YS-021'
DELETE FROM "ESTACION" WHERE ENOMBRE='YS-029'
INSERT INTO "ESTACION" VALUES('ABB-089',11)
INSERT INTO "ESTACION" VALUES('CMI-081',11)
INSERT INTO "ESTACION" VALUES('CMI-114',11)
INSERT INTO "ESTACION" VALUES('IBB-112',11)
INSERT INTO "ESTACION" VALUES('NC-021',11)
INSERT INTO "ESTACION" VALUES('UP-001',11)
INSERT INTO "ESTACION" VALUES('UP-019',11)
INSERT INTO "ESTACION" VALUES('YS-021',11)
INSERT INTO "ESTACION" VALUES('YS-029',11)
COMMIT
DELETE FROM "ESTACION" WHERE ENOMBRE='ABB-089'
DELETE FROM "ESTACION" WHERE ENOMBRE='CMI-081'
DELETE FROM "ESTACION" WHERE ENOMBRE='CMI-114'
DELETE FROM "ESTACION" WHERE ENOMBRE='IBB-112'
DELETE FROM "ESTACION" WHERE ENOMBRE='NC-021'
DELETE FROM "ESTACION" WHERE ENOMBRE='UP-001'
DELETE FROM "ESTACION" WHERE ENOMBRE='UP-019'
DELETE FROM "ESTACION" WHERE ENOMBRE='YS-021'
DELETE FROM "ESTACION" WHERE ENOMBRE='YS-029'
INSERT INTO "ESTACION" VALUES('ABB-089',12)
INSERT INTO "ESTACION" VALUES('CMI-081',12)
INSERT INTO "ESTACION" VALUES('CMI-114',12)
INSERT INTO "ESTACION" VALUES('IBB-112',12)
INSERT INTO "ESTACION" VALUES('NC-021',12)
INSERT INTO "ESTACION" VALUES('UP-001',12)
INSERT INTO "ESTACION" VALUES('UP-019',12)
INSERT INTO "ESTACION" VALUES('YS-021',12)
INSERT INTO "ESTACION" VALUES('YS-029',12)
COMMIT
DELETE FROM "ESTACION" WHERE ENOMBRE='ABB-089'
DELETE FROM "ESTACION" WHERE ENOMBRE='CMI-081'
DELETE FROM "ESTACION" WHERE ENOMBRE='CMI-114'
DELETE FROM "ESTACION" WHERE ENOMBRE='IBB-112'
DELETE FROM "ESTACION" WHERE ENOMBRE='NC-021'
DELETE FROM "ESTACION" WHERE ENOMBRE='UP-001'
DELETE FROM "ESTACION" WHERE ENOMBRE='UP-019'
DELETE FROM "ESTACION" WHERE ENOMBRE='YS-021'
DELETE FROM "ESTACION" WHERE ENOMBRE='YS-029'
INSERT INTO "ESTACION" VALUES('ABB-089',13)
INSERT INTO "ESTACION" VALUES('CMI-081',13)
INSERT INTO "ESTACION" VALUES('CMI-114',13)
INSERT INTO "ESTACION" VALUES('IBB-112',13)
INSERT INTO "ESTACION" VALUES('NC-021',13)
INSERT INTO "ESTACION" VALUES('UP-001',13)
INSERT INTO "ESTACION" VALUES('UP-019',13)
INSERT INTO "ESTACION" VALUES('YS-021',13)
INSERT INTO "ESTACION" VALUES('YS-029',13)
COMMIT
DELETE FROM "ESTACION" WHERE ENOMBRE='ABB-089'
DELETE FROM "ESTACION" WHERE ENOMBRE='CMI-081'
DELETE FROM "ESTACION" WHERE ENOMBRE='CMI-114'
DELETE FROM "ESTACION" WHERE ENOMBRE='IBB-112'
DELETE FROM "ESTACION" WHERE ENOMBRE='NC-021'
DELETE FROM "ESTACION" WHERE ENOMBRE='UP-001'
DELETE FROM "ESTACION" WHERE ENOMBRE='UP-019'
DELETE FROM "ESTACION" WHERE ENOMBRE='YS-021'
DELETE FROM "ESTACION" WHERE ENOMBRE='YS-029'
INSERT INTO "ESTACION" VALUES('ABB-089',14)
INSERT INTO "ESTACION" VALUES('CMI-081',14)
INSERT INTO "ESTACION" VALUES('CMI-114',14)
INSERT INTO "ESTACION" VALUES('IBB-112',14)
INSERT INTO "ESTACION" VALUES('NC-021',14)
INSERT INTO "ESTACION" VALUES('UP-001',14)
INSERT INTO "ESTACION" VALUES('UP-019',14)
INSERT INTO "ESTACION" VALUES('YS-021',14)
INSERT INTO "ESTACION" VALUES('YS-029',14)
COMMIT
/*C6*/SET SCHEMA PUBLIC
DISCONNECT
/*C7*/SET SCHEMA PUBLIC
DELETE FROM "ESTACION" WHERE ENOMBRE='ABB-089'
DELETE FROM "ESTACION" WHERE ENOMBRE='CMI-081'
DELETE FROM "ESTACION" WHERE ENOMBRE='CMI-114'
DELETE FROM "ESTACION" WHERE ENOMBRE='IBB-112'
DELETE FROM "ESTACION" WHERE ENOMBRE='NC-021'
DELETE FROM "ESTACION" WHERE ENOMBRE='UP-001'
DELETE FROM "ESTACION" WHERE ENOMBRE='UP-019'
DELETE FROM "ESTACION" WHERE ENOMBRE='YS-021'
DELETE FROM "ESTACION" WHERE ENOMBRE='YS-029'
INSERT INTO "ESTACION" VALUES('ABB-089',19)
INSERT INTO "ESTACION" VALUES('CMI-081',19)
INSERT INTO "ESTACION" VALUES('CMI-114',19)
INSERT INTO "ESTACION" VALUES('IBB-112',19)
INSERT INTO "ESTACION" VALUES('NC-021',19)
INSERT INTO "ESTACION" VALUES('UP-001',19)
INSERT INTO "ESTACION" VALUES('UP-019',19)
INSERT INTO "ESTACION" VALUES('YS-021',19)
INSERT INTO "ESTACION" VALUES('YS-029',19)
COMMIT
DISCONNECT
/*C8*/SET SCHEMA PUBLIC
DISCONNECT
/*C9*/SET SCHEMA PUBLIC
DISCONNECT
/*C10*/SET SCHEMA PUBLIC
DISCONNECT
/*C11*/SET SCHEMA PUBLIC
DISCONNECT
/*C12*/SET SCHEMA PUBLIC
DISCONNECT
/*C13*/SET SCHEMA PUBLIC
DISCONNECT
/*C14*/SET SCHEMA PUBLIC
DISCONNECT
/*C15*/SET SCHEMA PUBLIC
DISCONNECT
/*C16*/SET SCHEMA PUBLIC
DISCONNECT
/*C17*/SET SCHEMA PUBLIC
DISCONNECT
/*C18*/SET SCHEMA PUBLIC
DISCONNECT
/*C19*/SET SCHEMA PUBLIC
DISCONNECT
/*C20*/SET SCHEMA PUBLIC
DISCONNECT
/*C21*/SET SCHEMA PUBLIC
DISCONNECT
/*C22*/SET SCHEMA PUBLIC
DISCONNECT
/*C23*/SET SCHEMA PUBLIC
DISCONNECT
/*C24*/SET SCHEMA PUBLIC
DISCONNECT
/*C25*/SET SCHEMA PUBLIC
DISCONNECT
/*C4*/DISCONNECT
